c:\users\aleks\documents\visual studio 2017\projects\ai_lab1\ai_lab1\debug\ai_lab1.pch
c:\users\aleks\documents\visual studio 2017\projects\ai_lab1\ai_lab1\debug\vc141.pdb
c:\users\aleks\documents\visual studio 2017\projects\ai_lab1\ai_lab1\debug\vc141.idb
c:\users\aleks\documents\visual studio 2017\projects\ai_lab1\ai_lab1\debug\stdafx.obj
c:\users\aleks\documents\visual studio 2017\projects\ai_lab1\ai_lab1\debug\coefficient.obj
c:\users\aleks\documents\visual studio 2017\projects\ai_lab1\ai_lab1\debug\curve.obj
c:\users\aleks\documents\visual studio 2017\projects\ai_lab1\ai_lab1\debug\functions.obj
c:\users\aleks\documents\visual studio 2017\projects\ai_lab1\ai_lab1\debug\main.obj
c:\users\aleks\documents\visual studio 2017\projects\ai_lab1\ai_lab1\debug\point.obj
c:\users\aleks\documents\visual studio 2017\projects\ai_lab1\ai_lab1\debug\pointset.obj
c:\users\aleks\documents\visual studio 2017\projects\ai_lab1\ai_lab1\debug\population.obj
c:\users\aleks\documents\visual studio 2017\projects\ai_lab1\ai_lab1\debug\randomnumbergenerator.obj
c:\users\aleks\documents\visual studio 2017\projects\ai_lab1\ai_lab1\debug\test.obj
c:\users\aleks\documents\visual studio 2017\projects\ai_lab1\debug\ai_lab1.pdb
c:\users\aleks\documents\visual studio 2017\projects\ai_lab1\ai_lab1\debug\ai_lab1.tlog\cl.command.1.tlog
c:\users\aleks\documents\visual studio 2017\projects\ai_lab1\ai_lab1\debug\ai_lab1.tlog\cl.read.1.tlog
c:\users\aleks\documents\visual studio 2017\projects\ai_lab1\ai_lab1\debug\ai_lab1.tlog\cl.write.1.tlog
c:\users\aleks\documents\visual studio 2017\projects\ai_lab1\ai_lab1\debug\ai_lab1.tlog\link-cvtres.read.1.tlog
c:\users\aleks\documents\visual studio 2017\projects\ai_lab1\ai_lab1\debug\ai_lab1.tlog\link-cvtres.write.1.tlog
c:\users\aleks\documents\visual studio 2017\projects\ai_lab1\ai_lab1\debug\ai_lab1.tlog\link-rc.read.1.tlog
c:\users\aleks\documents\visual studio 2017\projects\ai_lab1\ai_lab1\debug\ai_lab1.tlog\link-rc.write.1.tlog
c:\users\aleks\documents\visual studio 2017\projects\ai_lab1\ai_lab1\debug\ai_lab1.tlog\link.14536-cvtres.read.1.tlog
c:\users\aleks\documents\visual studio 2017\projects\ai_lab1\ai_lab1\debug\ai_lab1.tlog\link.14536-cvtres.write.1.tlog
c:\users\aleks\documents\visual studio 2017\projects\ai_lab1\ai_lab1\debug\ai_lab1.tlog\link.14536-rc.read.1.tlog
c:\users\aleks\documents\visual studio 2017\projects\ai_lab1\ai_lab1\debug\ai_lab1.tlog\link.14536-rc.write.1.tlog
c:\users\aleks\documents\visual studio 2017\projects\ai_lab1\ai_lab1\debug\ai_lab1.tlog\link.14536.read.1.tlog
c:\users\aleks\documents\visual studio 2017\projects\ai_lab1\ai_lab1\debug\ai_lab1.tlog\link.14536.write.1.tlog
c:\users\aleks\documents\visual studio 2017\projects\ai_lab1\ai_lab1\debug\ai_lab1.tlog\link.command.1.tlog
c:\users\aleks\documents\visual studio 2017\projects\ai_lab1\ai_lab1\debug\ai_lab1.tlog\link.read.1.tlog
c:\users\aleks\documents\visual studio 2017\projects\ai_lab1\ai_lab1\debug\ai_lab1.tlog\link.write.1.tlog
